#
# There is insufficient memory for the Java Runtime Environment to continue.
# Native memory allocation (malloc) failed to allocate 65552 bytes for Chunk::new
# Possible reasons:
#   The system is out of physical RAM or swap space
#   In 32 bit mode, the process size limit was hit
# Possible solutions:
#   Reduce memory load on the system
#   Increase physical memory or swap space
#   Check if swap backing store is full
#   Use 64 bit Java on a 64 bit OS
#   Decrease Java heap size (-Xmx/-Xms)
#   Decrease number of Java threads
#   Decrease Java thread stack sizes (-Xss)
#   Set larger code cache with -XX:ReservedCodeCacheSize=
# This output file may be truncated or incomplete.
#
#  Out of Memory Error (allocation.cpp:390), pid=836, tid=0x0000000000002be8
#
# JRE version: Java(TM) SE Runtime Environment (8.0_152-b16) (build 1.8.0_152-b16)
# Java VM: Java HotSpot(TM) 64-Bit Server VM (25.152-b16 mixed mode windows-amd64 compressed oops)
# Failed to write core dump. Minidumps are not enabled by default on client versions of Windows
#

---------------  T H R E A D  ---------------

Current thread (0x0000000018a8e800):  JavaThread "C2 CompilerThread1" daemon [_thread_in_native, id=11240, stack(0x0000000019180000,0x0000000019280000)]

Stack: [0x0000000019180000,0x0000000019280000]
[error occurred during error reporting (printing stack bounds), id 0xc0000005]

Native frames: (J=compiled Java code, j=interpreted, Vv=VM code, C=native code)


Current CompileTask:
C2:   7301 4116   !   4       org.apache.catalina.startup.ContextConfig::checkHandlesTypes (453 bytes)


---------------  P R O C E S S  ---------------

Java Threads: ( => current thread )
  0x000000001bad6000 JavaThread "localhost-startStop-1" daemon [_thread_in_Java, id=7164, stack(0x000000001dd30000,0x000000001de30000)]
  0x000000001ca2b000 JavaThread "Tomcat-startStop-1" daemon [_thread_blocked, id=19020, stack(0x000000001dc30000,0x000000001dd30000)]
  0x0000000018b0f000 JavaThread "Service Thread" daemon [_thread_blocked, id=18244, stack(0x0000000019380000,0x0000000019480000)]
  0x0000000018a93000 JavaThread "C1 CompilerThread2" daemon [_thread_blocked, id=2268, stack(0x0000000019280000,0x0000000019380000)]
=>0x0000000018a8e800 JavaThread "C2 CompilerThread1" daemon [_thread_in_native, id=11240, stack(0x0000000019180000,0x0000000019280000)]
  0x0000000017643000 JavaThread "C2 CompilerThread0" daemon [_thread_in_native, id=18456, stack(0x0000000019080000,0x0000000019180000)]
  0x0000000017642000 JavaThread "Attach Listener" daemon [_thread_blocked, id=2560, stack(0x0000000018f80000,0x0000000019080000)]
  0x000000001762a000 JavaThread "Signal Dispatcher" daemon [_thread_blocked, id=15288, stack(0x0000000018e80000,0x0000000018f80000)]
  0x0000000002acc000 JavaThread "Finalizer" daemon [_thread_blocked, id=108, stack(0x0000000018880000,0x0000000018980000)]
  0x0000000002ac1000 JavaThread "Reference Handler" daemon [_thread_blocked, id=4100, stack(0x0000000018780000,0x0000000018880000)]
  0x00000000029d2800 JavaThread "main" [_thread_blocked, id=7756, stack(0x00000000028d0000,0x00000000029d0000)]

Other Threads:
  0x00000000175f8000 VMThread [stack: 0x0000000018680000,0x0000000018780000] [id=14824]
  0x0000000018acb000 WatcherThread [stack: 0x0000000019480000,0x0000000019580000] [id=16076]

VM state:not at safepoint (normal execution)

VM Mutex/Monitor currently owned by a thread: None

Heap:
 PSYoungGen      total 146432K, used 88462K [0x00000000d5d00000, 0x00000000e0600000, 0x0000000100000000)
  eden space 124416K, 54% used [0x00000000d5d00000,0x00000000d9f3f050,0x00000000dd680000)
  from space 22016K, 93% used [0x00000000dd680000,0x00000000deaa4980,0x00000000dec00000)
  to   space 20480K, 0% used [0x00000000dec00000,0x00000000dec00000,0x00000000e0000000)
 ParOldGen       total 76288K, used 42840K [0x0000000081600000, 0x0000000086080000, 0x00000000d5d00000)
  object space 76288K, 56% used [0x0000000081600000,0x0000000083fd6288,0x0000000086080000)
 Metaspace       used 23915K, capacity 24434K, committed 24704K, reserved 1071104K
  class space    used 2767K, capacity 2930K, committed 2944K, reserved 1048576K

Card table byte_map: [0x0000000011e90000,0x0000000012290000] byte_map_base: 0x0000000011a85000

Marking Bits: (ParMarkBitMap*) 0x0000000061a00860
 Begin Bits: [0x0000000012940000, 0x00000000148e8000)
 End Bits:   [0x00000000148e8000, 0x0000000016890000)

Polling page: 0x00000000008c0000

CodeCache: size=245760Kb used=11851Kb max_used=13113Kb free=233908Kb
 bounds [0x0000000002ad0000, 0x00000000037d0000, 0x0000000011ad0000]
 total_blobs=4007 nmethods=3607 adapters=312
 compilation: enabled

Compilation events (10 events):
Event: 6.866 Thread 0x0000000018a93000 4150       3       java.net.JarURLConnection::parseSpecs (105 bytes)
Event: 6.867 Thread 0x0000000018a93000 nmethod 4150 0x0000000002dbab10 code [0x0000000002dbad80, 0x0000000002dbbe88]
Event: 6.988 Thread 0x0000000018a93000 4154       3       org.apache.catalina.deploy.WebXml::mergeMap (162 bytes)
Event: 6.989 Thread 0x0000000018a93000 nmethod 4154 0x0000000002e87cd0 code [0x0000000002e87fa0, 0x0000000002e89528]
Event: 7.011 Thread 0x0000000018a93000 4155   !   3       sun.net.www.protocol.jar.JarFileFactory::get (216 bytes)
Event: 7.013 Thread 0x0000000018a93000 nmethod 4155 0x000000000314ed50 code [0x000000000314f1a0, 0x0000000003151ab8]
Event: 7.016 Thread 0x0000000018a93000 4156       3       java.io.FilterInputStream::available (8 bytes)
Event: 7.017 Thread 0x0000000018a93000 nmethod 4156 0x0000000002e14650 code [0x0000000002e147c0, 0x0000000002e149e8]
Event: 7.179 Thread 0x0000000018a93000 4158       3       java.io.DataInputStream::readDouble (8 bytes)
Event: 7.179 Thread 0x0000000018a93000 nmethod 4158 0x00000000030cb710 code [0x00000000030cb880, 0x00000000030cbaa8]

GC Heap History (10 events):
Event: 5.484 GC heap before
{Heap before GC invocations=8 (full 1):
 PSYoungGen      total 71680K, used 66560K [0x00000000d5d00000, 0x00000000da800000, 0x0000000100000000)
  eden space 66560K, 100% used [0x00000000d5d00000,0x00000000d9e00000,0x00000000d9e00000)
  from space 5120K, 0% used [0x00000000da300000,0x00000000da300000,0x00000000da800000)
  to   space 5120K, 0% used [0x00000000d9e00000,0x00000000d9e00000,0x00000000da300000)
 ParOldGen       total 76288K, used 17026K [0x0000000081600000, 0x0000000086080000, 0x00000000d5d00000)
  object space 76288K, 22% used [0x0000000081600000,0x00000000826a0800,0x0000000086080000)
 Metaspace       used 23855K, capacity 24370K, committed 24448K, reserved 1071104K
  class space    used 2765K, capacity 2930K, committed 2944K, reserved 1048576K
Event: 5.494 GC heap after
Heap after GC invocations=8 (full 1):
 PSYoungGen      total 71680K, used 5108K [0x00000000d5d00000, 0x00000000dd500000, 0x0000000100000000)
  eden space 66560K, 0% used [0x00000000d5d00000,0x00000000d5d00000,0x00000000d9e00000)
  from space 5120K, 99% used [0x00000000d9e00000,0x00000000da2fd3c8,0x00000000da300000)
  to   space 13824K, 0% used [0x00000000dc780000,0x00000000dc780000,0x00000000dd500000)
 ParOldGen       total 76288K, used 24410K [0x0000000081600000, 0x0000000086080000, 0x00000000d5d00000)
  object space 76288K, 31% used [0x0000000081600000,0x0000000082dd6860,0x0000000086080000)
 Metaspace       used 23855K, capacity 24370K, committed 24448K, reserved 1071104K
  class space    used 2765K, capacity 2930K, committed 2944K, reserved 1048576K
}
Event: 5.806 GC heap before
{Heap before GC invocations=9 (full 1):
 PSYoungGen      total 71680K, used 71668K [0x00000000d5d00000, 0x00000000dd500000, 0x0000000100000000)
  eden space 66560K, 100% used [0x00000000d5d00000,0x00000000d9e00000,0x00000000d9e00000)
  from space 5120K, 99% used [0x00000000d9e00000,0x00000000da2fd3c8,0x00000000da300000)
  to   space 13824K, 0% used [0x00000000dc780000,0x00000000dc780000,0x00000000dd500000)
 ParOldGen       total 76288K, used 24410K [0x0000000081600000, 0x0000000086080000, 0x00000000d5d00000)
  object space 76288K, 31% used [0x0000000081600000,0x0000000082dd6860,0x0000000086080000)
 Metaspace       used 23891K, capacity 24370K, committed 24448K, reserved 1071104K
  class space    used 2765K, capacity 2930K, committed 2944K, reserved 1048576K
Event: 5.820 GC heap after
Heap after GC invocations=9 (full 1):
 PSYoungGen      total 107008K, used 13820K [0x00000000d5d00000, 0x00000000ddf00000, 0x0000000100000000)
  eden space 93184K, 0% used [0x00000000d5d00000,0x00000000d5d00000,0x00000000db800000)
  from space 13824K, 99% used [0x00000000dc780000,0x00000000dd4ff088,0x00000000dd500000)
  to   space 15872K, 0% used [0x00000000db800000,0x00000000db800000,0x00000000dc780000)
 ParOldGen       total 76288K, used 26513K [0x0000000081600000, 0x0000000086080000, 0x00000000d5d00000)
  object space 76288K, 34% used [0x0000000081600000,0x0000000082fe47a8,0x0000000086080000)
 Metaspace       used 23891K, capacity 24370K, committed 24448K, reserved 1071104K
  class space    used 2765K, capacity 2930K, committed 2944K, reserved 1048576K
}
Event: 6.244 GC heap before
{Heap before GC invocations=10 (full 1):
 PSYoungGen      total 107008K, used 107004K [0x00000000d5d00000, 0x00000000ddf00000, 0x0000000100000000)
  eden space 93184K, 100% used [0x00000000d5d00000,0x00000000db800000,0x00000000db800000)
  from space 13824K, 99% used [0x00000000dc780000,0x00000000dd4ff088,0x00000000dd500000)
  to   space 15872K, 0% used [0x00000000db800000,0x00000000db800000,0x00000000dc780000)
 ParOldGen       total 76288K, used 26513K [0x0000000081600000, 0x0000000086080000, 0x00000000d5d00000)
  object space 76288K, 34% used [0x0000000081600000,0x0000000082fe47a8,0x0000000086080000)
 Metaspace       used 23894K, capacity 24370K, committed 24448K, reserved 1071104K
  class space    used 2765K, capacity 2930K, committed 2944K, reserved 1048576K
Event: 6.264 GC heap after
Heap after GC invocations=10 (full 1):
 PSYoungGen      total 109056K, used 15844K [0x00000000d5d00000, 0x00000000e0000000, 0x0000000100000000)
  eden space 93184K, 0% used [0x00000000d5d00000,0x00000000d5d00000,0x00000000db800000)
  from space 15872K, 99% used [0x00000000db800000,0x00000000dc779290,0x00000000dc780000)
  to   space 20480K, 0% used [0x00000000dec00000,0x00000000dec00000,0x00000000e0000000)
 ParOldGen       total 76288K, used 32958K [0x0000000081600000, 0x0000000086080000, 0x00000000d5d00000)
  object space 76288K, 43% used [0x0000000081600000,0x000000008362fbd0,0x0000000086080000)
 Metaspace       used 23894K, capacity 24370K, committed 24448K, reserved 1071104K
  class space    used 2765K, capacity 2930K, committed 2944K, reserved 1048576K
}
Event: 6.581 GC heap before
{Heap before GC invocations=11 (full 1):
 PSYoungGen      total 109056K, used 109028K [0x00000000d5d00000, 0x00000000e0000000, 0x0000000100000000)
  eden space 93184K, 100% used [0x00000000d5d00000,0x00000000db800000,0x00000000db800000)
  from space 15872K, 99% used [0x00000000db800000,0x00000000dc779290,0x00000000dc780000)
  to   space 20480K, 0% used [0x00000000dec00000,0x00000000dec00000,0x00000000e0000000)
 ParOldGen       total 76288K, used 32958K [0x0000000081600000, 0x0000000086080000, 0x00000000d5d00000)
  object space 76288K, 43% used [0x0000000081600000,0x000000008362fbd0,0x0000000086080000)
 Metaspace       used 23895K, capacity 24370K, committed 24448K, reserved 1071104K
  class space    used 2765K, capacity 2930K, committed 2944K, reserved 1048576K
Event: 6.600 GC heap after
Heap after GC invocations=11 (full 1):
 PSYoungGen      total 144896K, used 18532K [0x00000000d5d00000, 0x00000000e0600000, 0x0000000100000000)
  eden space 124416K, 0% used [0x00000000d5d00000,0x00000000d5d00000,0x00000000dd680000)
  from space 20480K, 90% used [0x00000000dec00000,0x00000000dfe19258,0x00000000e0000000)
  to   space 22016K, 0% used [0x00000000dd680000,0x00000000dd680000,0x00000000dec00000)
 ParOldGen       total 76288K, used 38222K [0x0000000081600000, 0x0000000086080000, 0x00000000d5d00000)
  object space 76288K, 50% used [0x0000000081600000,0x0000000083b538f8,0x0000000086080000)
 Metaspace       used 23895K, capacity 24370K, committed 24448K, reserved 1071104K
  class space    used 2765K, capacity 2930K, committed 2944K, reserved 1048576K
}
Event: 7.067 GC heap before
{Heap before GC invocations=12 (full 1):
 PSYoungGen      total 144896K, used 142948K [0x00000000d5d00000, 0x00000000e0600000, 0x0000000100000000)
  eden space 124416K, 100% used [0x00000000d5d00000,0x00000000dd680000,0x00000000dd680000)
  from space 20480K, 90% used [0x00000000dec00000,0x00000000dfe19258,0x00000000e0000000)
  to   space 22016K, 0% used [0x00000000dd680000,0x00000000dd680000,0x00000000dec00000)
 ParOldGen       total 76288K, used 38222K [0x0000000081600000, 0x0000000086080000, 0x00000000d5d00000)
  object space 76288K, 50% used [0x0000000081600000,0x0000000083b538f8,0x0000000086080000)
 Metaspace       used 23915K, capacity 24434K, committed 24704K, reserved 1071104K
  class space    used 2767K, capacity 2930K, committed 2944K, reserved 1048576K
Event: 7.094 GC heap after
Heap after GC invocations=12 (full 1):
 PSYoungGen      total 146432K, used 20626K [0x00000000d5d00000, 0x00000000e0600000, 0x0000000100000000)
  eden space 124416K, 0% used [0x00000000d5d00000,0x00000000d5d00000,0x00000000dd680000)
  from space 22016K, 93% used [0x00000000dd680000,0x00000000deaa4980,0x00000000dec00000)
  to   space 20480K, 0% used [0x00000000dec00000,0x00000000dec00000,0x00000000e0000000)
 ParOldGen       total 76288K, used 42840K [0x0000000081600000, 0x0000000086080000, 0x00000000d5d00000)
  object space 76288K, 56% used [0x0000000081600000,0x0000000083fd6288,0x0000000086080000)
 Metaspace       used 23915K, capacity 24434K, committed 24704K, reserved 1071104K
  class space    used 2767K, capacity 2930K, committed 2944K, reserved 1048576K
}

Deoptimization events (10 events):
Event: 4.632 Thread 0x00000000029d2800 Uncommon trap: reason=class_check action=maybe_recompile pc=0x0000000003194d70 method=java.util.Hashtable.put(Ljava/lang/Object;Ljava/lang/Object;)Ljava/lang/Object; @ 18
Event: 4.649 Thread 0x00000000029d2800 Uncommon trap: reason=unstable_if action=reinterpret pc=0x00000000035fecb0 method=java.lang.Class$MethodArray.matchesNameAndDescriptor(Ljava/lang/reflect/Method;Ljava/lang/reflect/Method;)Z @ 33
Event: 4.874 Thread 0x000000001bad6000 Uncommon trap: reason=null_check action=make_not_entrant pc=0x00000000034663a4 method=java.net.URL.getURLStreamHandler(Ljava/lang/String;)Ljava/net/URLStreamHandler; @ 7
Event: 4.923 Thread 0x000000001bad6000 Uncommon trap: reason=class_check action=maybe_recompile pc=0x00000000035f5104 method=sun.misc.URLClassPath.getLoader(I)Lsun/misc/URLClassPath$Loader; @ 94
Event: 4.960 Thread 0x000000001bad6000 Uncommon trap: reason=class_check action=maybe_recompile pc=0x00000000031a6f88 method=java.util.Hashtable.addEntry(ILjava/lang/Object;Ljava/lang/Object;I)V @ 38
Event: 5.463 Thread 0x000000001bad6000 Uncommon trap: reason=unstable_if action=reinterpret pc=0x0000000003602428 method=org.codehaus.plexus.classworlds.realm.Entry.matches(Ljava/lang/String;)Z @ 209
Event: 5.517 Thread 0x000000001bad6000 Uncommon trap: reason=unstable_if action=reinterpret pc=0x00000000030b3e1c method=java.util.LinkedHashMap.afterNodeInsertion(Z)V @ 18
Event: 5.520 Thread 0x000000001bad6000 Uncommon trap: reason=unstable_if action=reinterpret pc=0x000000000379e3a4 method=org.apache.tomcat.util.bcel.classfile.Attribute.readAttribute(Ljava/io/DataInputStream;Lorg/apache/tomcat/util/bcel/classfile/ConstantPool;)Lorg/apache/tomcat/util/bcel/clas
Event: 5.608 Thread 0x000000001bad6000 Uncommon trap: reason=unstable_if action=reinterpret pc=0x000000000377dfd0 method=java.util.LinkedHashMap.afterNodeAccess(Ljava/util/HashMap$Node;)V @ 41
Event: 6.752 Thread 0x000000001bad6000 Uncommon trap: reason=unstable_if action=reinterpret pc=0x0000000002e38980 method=org.apache.catalina.startup.ContextConfig.getSCIsForClass(Ljava/lang/String;)Ljava/util/Set; @ 62

Classes redefined (0 events):
No events

Internal exceptions (10 events):
Event: 1.445 Thread 0x00000000029d2800 Exception <a 'java/lang/NullPointerException'> (0x00000000d68fe888) thrown at [C:\re\workspace\8-2-build-windows-amd64-cygwin\jdk8u152\9742\hotspot\src\share\vm\interpreter\linkResolver.cpp, line 1185]
Event: 1.498 Thread 0x00000000029d2800 Implicit null exception at 0x0000000002dfcf96 to 0x0000000002dfd331
Event: 1.498 Thread 0x00000000029d2800 Implicit null exception at 0x0000000002cf3316 to 0x0000000002cf36ad
Event: 1.720 Thread 0x00000000029d2800 Implicit null exception at 0x00000000030d67ae to 0x00000000030d7ad1
Event: 1.774 Thread 0x00000000029d2800 Implicit null exception at 0x00000000030d0c6f to 0x00000000030d14dd
Event: 1.774 Thread 0x00000000029d2800 Implicit null exception at 0x0000000002d2e315 to 0x0000000002d2e511
Event: 1.774 Thread 0x00000000029d2800 Implicit null exception at 0x0000000002e2855b to 0x0000000002e289cd
Event: 3.640 Thread 0x00000000029d2800 Exception <a 'java/io/FileNotFoundException'> (0x00000000d7b50b98) thrown at [C:\re\workspace\8-2-build-windows-amd64-cygwin\jdk8u152\9742\hotspot\src\share\vm\prims\jni.cpp, line 709]
Event: 4.874 Thread 0x000000001bad6000 Implicit null exception at 0x0000000003463bc0 to 0x0000000003466399
Event: 5.608 Thread 0x000000001bad6000 Implicit null exception at 0x000000000377dd6e to 0x000000000377dfa9

Events (10 events):
Event: 6.755 loading class org/apache/tomcat/websocket/pojo/PojoEndpointServer
Event: 6.755 loading class org/apache/tomcat/websocket/pojo/PojoEndpointServer done
Event: 6.929 Executing VM operation: RevokeBias
Event: 6.929 Executing VM operation: RevokeBias done
Event: 7.067 Executing VM operation: ParallelGCFailedAllocation
Event: 7.094 Executing VM operation: ParallelGCFailedAllocation done
Event: 7.096 Executing VM operation: RevokeBias
Event: 7.096 Executing VM operation: RevokeBias done
Event: 7.096 Executing VM operation: BulkRevokeBias
Event: 7.096 Executing VM operation: BulkRevokeBias done


Dynamic libraries:
0x00007ff73e910000 - 0x00007ff73e947000 	C:\Java\jdk1.8\bin\javaw.exe
0x00007fffd12f0000 - 0x00007fffd14e8000 	C:\WINDOWS\SYSTEM32\ntdll.dll
0x00007fffcfa00000 - 0x00007fffcfabf000 	C:\WINDOWS\System32\KERNEL32.DLL
0x00007fffcecf0000 - 0x00007fffcefc2000 	C:\WINDOWS\System32\KERNELBASE.dll
0x00007fffd0590000 - 0x00007fffd063e000 	C:\WINDOWS\System32\ADVAPI32.dll
0x00007fffcf4a0000 - 0x00007fffcf53e000 	C:\WINDOWS\System32\msvcrt.dll
0x00007fffd0640000 - 0x00007fffd06dc000 	C:\WINDOWS\System32\sechost.dll
0x00007fffcf670000 - 0x00007fffcf794000 	C:\WINDOWS\System32\RPCRT4.dll
0x00007fffd0720000 - 0x00007fffd08c1000 	C:\WINDOWS\System32\USER32.dll
0x00007fffcf100000 - 0x00007fffcf122000 	C:\WINDOWS\System32\win32u.dll
0x00007fffd1280000 - 0x00007fffd12ab000 	C:\WINDOWS\System32\GDI32.dll
0x00007fffce9f0000 - 0x00007fffceaff000 	C:\WINDOWS\System32\gdi32full.dll
0x00007fffceb00000 - 0x00007fffceb9d000 	C:\WINDOWS\System32\msvcp_win.dll
0x00007fffcebf0000 - 0x00007fffcecf0000 	C:\WINDOWS\System32\ucrtbase.dll
0x00007fffba590000 - 0x00007fffba82a000 	C:\WINDOWS\WinSxS\amd64_microsoft.windows.common-controls_6595b64144ccf1df_6.0.19041.1110_none_60b5254171f9507e\COMCTL32.dll
0x00007fffd06e0000 - 0x00007fffd0710000 	C:\WINDOWS\System32\IMM32.DLL
0x0000000061a80000 - 0x0000000061b52000 	C:\Java\jdk1.8\jre\bin\msvcr100.dll
0x00000000611e0000 - 0x0000000061a80000 	C:\Java\jdk1.8\jre\bin\server\jvm.dll
0x00007fffd0710000 - 0x00007fffd0718000 	C:\WINDOWS\System32\PSAPI.DLL
0x00007fffb4f40000 - 0x00007fffb4f49000 	C:\WINDOWS\SYSTEM32\WSOCK32.dll
0x00007fffcfd40000 - 0x00007fffcfdab000 	C:\WINDOWS\System32\WS2_32.dll
0x00007fffb7880000 - 0x00007fffb78a7000 	C:\WINDOWS\SYSTEM32\WINMM.dll
0x00007fffc5530000 - 0x00007fffc553a000 	C:\WINDOWS\SYSTEM32\VERSION.dll
0x00000000611d0000 - 0x00000000611df000 	C:\Java\jdk1.8\jre\bin\verify.dll
0x00000000611a0000 - 0x00000000611c9000 	C:\Java\jdk1.8\jre\bin\java.dll
0x0000000061180000 - 0x0000000061196000 	C:\Java\jdk1.8\jre\bin\zip.dll
0x00007fffd08f0000 - 0x00007fffd1035000 	C:\WINDOWS\System32\SHELL32.dll
0x00007fffcca90000 - 0x00007fffcd222000 	C:\WINDOWS\SYSTEM32\windows.storage.dll
0x00007fffd0230000 - 0x00007fffd0585000 	C:\WINDOWS\System32\combase.dll
0x00007fffce450000 - 0x00007fffce480000 	C:\WINDOWS\SYSTEM32\Wldp.dll
0x00007fffcf3f0000 - 0x00007fffcf49d000 	C:\WINDOWS\System32\SHCORE.dll
0x00007fffcfad0000 - 0x00007fffcfb25000 	C:\WINDOWS\System32\shlwapi.dll
0x00007fffce930000 - 0x00007fffce94f000 	C:\WINDOWS\SYSTEM32\profapi.dll
0x0000000069ac0000 - 0x0000000069ae4000 	C:\Users\Administrator\AppData\Local\Temp\jansi-2.4.0-e9fd6dbf16c60188-jansi.dll
0x00007fffce3a0000 - 0x00007fffce3b8000 	C:\WINDOWS\SYSTEM32\CRYPTSP.dll
0x00007fffcd9f0000 - 0x00007fffcda24000 	C:\WINDOWS\system32\rsaenh.dll
0x00007fffcf0d0000 - 0x00007fffcf0f7000 	C:\WINDOWS\System32\bcrypt.dll
0x00007fffce8f0000 - 0x00007fffce91e000 	C:\WINDOWS\SYSTEM32\USERENV.dll
0x00007fffcf040000 - 0x00007fffcf0c2000 	C:\WINDOWS\System32\bcryptprimitives.dll
0x00007fffce3c0000 - 0x00007fffce3cc000 	C:\WINDOWS\SYSTEM32\CRYPTBASE.dll
0x0000000061150000 - 0x000000006116a000 	C:\Java\jdk1.8\jre\bin\net.dll
0x00007fffce1b0000 - 0x00007fffce21a000 	C:\WINDOWS\system32\mswsock.dll
0x00007fffcde30000 - 0x00007fffcde6b000 	C:\WINDOWS\SYSTEM32\IPHLPAPI.DLL
0x00007fffd0220000 - 0x00007fffd0228000 	C:\WINDOWS\System32\NSI.dll
0x00007fffc2cd0000 - 0x00007fffc2ce7000 	C:\WINDOWS\SYSTEM32\dhcpcsvc6.DLL
0x00007fffc4360000 - 0x00007fffc437d000 	C:\WINDOWS\SYSTEM32\dhcpcsvc.DLL
0x00007fffcde70000 - 0x00007fffcdf3b000 	C:\WINDOWS\SYSTEM32\DNSAPI.dll
0x0000000061130000 - 0x0000000061141000 	C:\Java\jdk1.8\jre\bin\nio.dll
0x0000000061170000 - 0x000000006117d000 	C:\Java\jdk1.8\jre\bin\management.dll

VM Arguments:
jvm_args: -Dmaven.home=D:\apache-maven-3.8.6 -Dclassworlds.conf=C:\Users\Administrator\eclipse-workspace\.metadata\.plugins\org.eclipse.m2e.launching\launches\m2conf4649768081534945251.tmp -Dmaven.multiModuleProjectDirectory=C:\Users\Administrator\eclipse-workspace\pinyougou-parent\pinyougou-manager-web -Dfile.encoding=UTF-8 
java_command: org.codehaus.plexus.classworlds.launcher.Launcher -B -s D:\apache-maven-3.8.6\conf\settings.xml tomcat7:run
java_class_path (initial): D:\apache-maven-3.8.6\boot\plexus-classworlds-2.6.0.jar
Launcher Type: SUN_STANDARD

Environment Variables:
CLASSPATH=.;%JAVA_HOME%\lib;%JAVA_HOME%\lib\dt.jar;%JAVA_HOME%\lib\tools.jar;
PATH=C:/Program Files/Java/jre1.8.0_152/bin/server;C:/Program Files/Java/jre1.8.0_152/bin;C:/Program Files/Java/jre1.8.0_152/lib/amd64;C:\Program Files\Common Files\Oracle\Java\javapath;C:\Java\jdk1.8\bin;C:\Java\jdk1.8\jre\bin;D:\apache-maven-3.8.6\bin;C:\Program Files (x86)\Java\jdk1.8.0_191\bin;D:\VMware 15.5\bin\;C:\WINDOWS\system32;C:\WINDOWS;C:\WINDOWS\System32\Wbem;C:\WINDOWS\System32\WindowsPowerShell\v1.0\;C:\WINDOWS\System32\OpenSSH\;C:\Program Files (x86)\NVIDIA Corporation\PhysX\Common;C:\Program Files (x86)\MySQL\mysql-5.6.51-winx64\bin;C:\WINDOWS\system32;C:\WINDOWS;C:\WINDOWS\System32\Wbem;C:\WINDOWS\System32\WindowsPowerShell\v1.0\;C:\WINDOWS\System32\OpenSSH\;C:\Program Files\Git\cmd;C:\Program Files\dotnet\;D:\nodejs\;C:\ProgramData\chocolatey\bin;C:\Java\bin;D:\apache-artemis-2.27.0\bin;C:\Program Files (x86)\MySQL\mysql-5.6.51-winx64\bin;C:\Users\Administrator\AppData\Local\Programs\Python\Python39\Scripts\;C:\Users\Administrator\AppData\Local\Programs\Python\Python39\;D:\Python39\;D:\Scripts\;D:\;"C:\Users\Administrator\AppData\Local\Microsoft\WindowsApps;D:\php;D:\php\ext";C:\Users\Administrator\AppData\Local\Microsoft\WindowsApps;D:\IntelliJ IDEA Community Edition 2021.3.2\bin;;C:\Users\Administrator\AppData\Roaming\npm;C:\WINDOWS\system32;
USERNAME=Administrator
OS=Windows_NT
PROCESSOR_IDENTIFIER=Intel64 Family 6 Model 142 Stepping 9, GenuineIntel



---------------  S Y S T E M  ---------------

OS: Windows 10.0 , 64 bit Build 19041 (10.0.19041.2546)

CPU:total 4 (initial active 4) (2 cores per cpu, 2 threads per core) family 6 model 142 stepping 9, cmov, cx8, fxsr, mmx, sse, sse2, sse3, ssse3, sse4.1, sse4.2, popcnt, avx, avx2, aes, clmul, erms, 3dnowpref, lzcnt, ht, tsc, tscinvbit, bmi1, bmi2, adx

Memory: 4k page, physical 8294196k(315744k free), swap 15923288k(3988k free)

vm_info: Java HotSpot(TM) 64-Bit Server VM (25.152-b16) for windows-amd64 JRE (1.8.0_152-b16), built on Sep 14 2017 02:29:36 by "java_re" with MS VC++ 10.0 (VS2010)

time: Thu Apr 13 15:49:43 2023
elapsed time: 7 seconds (0d 0h 0m 7s)

