#
# There is insufficient memory for the Java Runtime Environment to continue.
# Native memory allocation (malloc) failed to allocate 1048576 bytes for AllocateHeap
# Possible reasons:
#   The system is out of physical RAM or swap space
#   In 32 bit mode, the process size limit was hit
# Possible solutions:
#   Reduce memory load on the system
#   Increase physical memory or swap space
#   Check if swap backing store is full
#   Use 64 bit Java on a 64 bit OS
#   Decrease Java heap size (-Xmx/-Xms)
#   Decrease number of Java threads
#   Decrease Java thread stack sizes (-Xss)
#   Set larger code cache with -XX:ReservedCodeCacheSize=
# This output file may be truncated or incomplete.
#
#  Out of Memory Error (memory/allocation.inline.hpp:61), pid=4360, tid=0x0000000000003818
#
# JRE version:  (8.0_152-b16) (build )
# Java VM: Java HotSpot(TM) 64-Bit Server VM (25.152-b16 mixed mode windows-amd64 compressed oops)
# Failed to write core dump. Minidumps are not enabled by default on client versions of Windows
#

---------------  T H R E A D  ---------------

Current thread (0x00000000033f2800):  JavaThread "Unknown thread" [_thread_in_vm, id=14360, stack(0x0000000002f80000,0x0000000003080000)]

Stack: [0x0000000002f80000,0x0000000003080000]
[error occurred during error reporting (printing stack bounds), id 0xc0000005]

Native frames: (J=compiled Java code, j=interpreted, Vv=VM code, C=native code)


---------------  P R O C E S S  ---------------

Java Threads: ( => current thread )

Other Threads:

=>0x00000000033f2800 (exited) JavaThread "Unknown thread" [_thread_in_vm, id=14360, stack(0x0000000002f80000,0x0000000003080000)]

VM state:not at safepoint (normal execution)

VM Mutex/Monitor currently owned by a thread: None

Heap:
 PSYoungGen      total 38400K, used 665K [0x00000000d5d00000, 0x00000000d8780000, 0x0000000100000000)
  eden space 33280K, 2% used [0x00000000d5d00000,0x00000000d5da6670,0x00000000d7d80000)
  from space 5120K, 0% used [0x00000000d8280000,0x00000000d8280000,0x00000000d8780000)
  to   space 5120K, 0% used [0x00000000d7d80000,0x00000000d7d80000,0x00000000d8280000)
 ParOldGen       total 87552K, used 0K [0x0000000081600000, 0x0000000086b80000, 0x00000000d5d00000)
  object space 87552K, 0% used [0x0000000081600000,0x0000000081600000,0x0000000086b80000)
 Metaspace       used 783K, capacity 1092K, committed 1152K, reserved 1060864K
  class space    used 75K, capacity 384K, committed 384K, reserved 1048576K

Card table byte_map: [0x00000000128c0000,0x0000000012cc0000] byte_map_base: 0x00000000124b5000

Marking Bits: (ParMarkBitMap*) 0x0000000059f00860
 Begin Bits: [0x0000000013370000, 0x0000000015318000)
 End Bits:   [0x0000000015318000, 0x00000000172c0000)

Polling page: 0x0000000003080000

CodeCache: size=245760Kb used=328Kb max_used=328Kb free=245431Kb
 bounds [0x0000000003500000, 0x0000000003770000, 0x0000000012500000]
 total_blobs=58 nmethods=0 adapters=38
 compilation: enabled

Compilation events (0 events):
No events

GC Heap History (0 events):
No events

Deoptimization events (0 events):
No events

Classes redefined (0 events):
No events

Internal exceptions (0 events):
No events

Events (10 events):
Event: 0.079 loading class java/lang/Short
Event: 0.079 loading class java/lang/Short done
Event: 0.079 loading class java/lang/Integer
Event: 0.079 loading class java/lang/Integer done
Event: 0.079 loading class java/lang/Long
Event: 0.079 loading class java/lang/Long done
Event: 0.079 loading class java/lang/NullPointerException
Event: 0.079 loading class java/lang/NullPointerException done
Event: 0.079 loading class java/lang/ArithmeticException
Event: 0.079 loading class java/lang/ArithmeticException done


Dynamic libraries:
0x00007ff7848e0000 - 0x00007ff784917000 	C:\Java\jdk1.8\bin\javaw.exe
0x00007ffbf26f0000 - 0x00007ffbf28e8000 	C:\WINDOWS\SYSTEM32\ntdll.dll
0x00007ffbf08f0000 - 0x00007ffbf09af000 	C:\WINDOWS\System32\KERNEL32.DLL
0x00007ffbf0110000 - 0x00007ffbf03e2000 	C:\WINDOWS\System32\KERNELBASE.dll
0x00007ffbf0e00000 - 0x00007ffbf0eae000 	C:\WINDOWS\System32\ADVAPI32.dll
0x00007ffbf0840000 - 0x00007ffbf08de000 	C:\WINDOWS\System32\msvcrt.dll
0x00007ffbf09b0000 - 0x00007ffbf0a4c000 	C:\WINDOWS\System32\sechost.dll
0x00007ffbf0a50000 - 0x00007ffbf0b75000 	C:\WINDOWS\System32\RPCRT4.dll
0x00007ffbf2480000 - 0x00007ffbf2621000 	C:\WINDOWS\System32\USER32.dll
0x00007ffbf06b0000 - 0x00007ffbf06d2000 	C:\WINDOWS\System32\win32u.dll
0x00007ffbf0cb0000 - 0x00007ffbf0cdb000 	C:\WINDOWS\System32\GDI32.dll
0x00007ffbf04f0000 - 0x00007ffbf05ff000 	C:\WINDOWS\System32\gdi32full.dll
0x00007ffbeff70000 - 0x00007ffbf000d000 	C:\WINDOWS\System32\msvcp_win.dll
0x00007ffbf0010000 - 0x00007ffbf0110000 	C:\WINDOWS\System32\ucrtbase.dll
0x00007ffbdb440000 - 0x00007ffbdb6da000 	C:\WINDOWS\WinSxS\amd64_microsoft.windows.common-controls_6595b64144ccf1df_6.0.19041.1110_none_60b5254171f9507e\COMCTL32.dll
0x00007ffbf2670000 - 0x00007ffbf26a2000 	C:\WINDOWS\System32\IMM32.DLL
0x0000000059f80000 - 0x000000005a052000 	C:\Java\jdk1.8\jre\bin\msvcr100.dll
0x00000000596e0000 - 0x0000000059f80000 	C:\Java\jdk1.8\jre\bin\server\jvm.dll
0x00007ffbf2630000 - 0x00007ffbf2638000 	C:\WINDOWS\System32\PSAPI.DLL
0x00007ffbd8f20000 - 0x00007ffbd8f47000 	C:\WINDOWS\SYSTEM32\WINMM.dll
0x00007ffbe8070000 - 0x00007ffbe807a000 	C:\WINDOWS\SYSTEM32\VERSION.dll
0x00007ffbd7940000 - 0x00007ffbd7949000 	C:\WINDOWS\SYSTEM32\WSOCK32.dll
0x00007ffbf2330000 - 0x00007ffbf239b000 	C:\WINDOWS\System32\WS2_32.dll
0x00000000596d0000 - 0x00000000596df000 	C:\Java\jdk1.8\jre\bin\verify.dll
0x00000000596a0000 - 0x00000000596c9000 	C:\Java\jdk1.8\jre\bin\java.dll
0x0000000059680000 - 0x0000000059696000 	C:\Java\jdk1.8\jre\bin\zip.dll

VM Arguments:
jvm_args: -Dmaven.home=D:\apache-maven-3.8.6 -Dclassworlds.conf=C:\Users\Administrator\eclipse-workspace\.metadata\.plugins\org.eclipse.m2e.launching\launches\m2conf3788010432222747525.tmp -Dmaven.multiModuleProjectDirectory=C:\Users\Administrator\eclipse-workspace\pinyougou-parent\pinyougou-pojo -Dfile.encoding=UTF-8 
java_command: org.codehaus.plexus.classworlds.launcher.Launcher -B -s D:\apache-maven-3.8.6\conf\settings.xml install
java_class_path (initial): D:\apache-maven-3.8.6\boot\plexus-classworlds-2.6.0.jar
Launcher Type: SUN_STANDARD

Environment Variables:
CLASSPATH=.;%JAVA_HOME%\lib;%JAVA_HOME%\lib\dt.jar;%JAVA_HOME%\lib\tools.jar;
PATH=C:/Program Files/Java/jre1.8.0_152/bin/server;C:/Program Files/Java/jre1.8.0_152/bin;C:/Program Files/Java/jre1.8.0_152/lib/amd64;C:\Program Files\Common Files\Oracle\Java\javapath;C:\Java\jdk1.8\bin;C:\Java\jdk1.8\jre\bin;D:\apache-maven-3.8.6\bin;C:\Program Files (x86)\Java\jdk1.8.0_191\bin;D:\VMware 15.5\bin\;C:\WINDOWS\system32;C:\WINDOWS;C:\WINDOWS\System32\Wbem;C:\WINDOWS\System32\WindowsPowerShell\v1.0\;C:\WINDOWS\System32\OpenSSH\;C:\Program Files (x86)\NVIDIA Corporation\PhysX\Common;C:\Program Files (x86)\MySQL\mysql-5.6.51-winx64\bin;C:\WINDOWS\system32;C:\WINDOWS;C:\WINDOWS\System32\Wbem;C:\WINDOWS\System32\WindowsPowerShell\v1.0\;C:\WINDOWS\System32\OpenSSH\;C:\Program Files\Git\cmd;C:\Program Files\dotnet\;D:\nodejs\;C:\ProgramData\chocolatey\bin;C:\Java\bin;D:\apache-artemis-2.27.0\bin;C:\Program Files (x86)\MySQL\mysql-5.6.51-winx64\bin;C:\Users\Administrator\AppData\Local\Programs\Python\Python39\Scripts\;C:\Users\Administrator\AppData\Local\Programs\Python\Python39\;D:\Python39\;D:\Scripts\;D:\;"C:\Users\Administrator\AppData\Local\Microsoft\WindowsApps;D:\php;D:\php\ext";C:\Users\Administrator\AppData\Local\Microsoft\WindowsApps;D:\IntelliJ IDEA Community Edition 2021.3.2\bin;;C:\Users\Administrator\AppData\Roaming\npm;C:\WINDOWS\system32;
USERNAME=Administrator
OS=Windows_NT
PROCESSOR_IDENTIFIER=Intel64 Family 6 Model 142 Stepping 9, GenuineIntel



---------------  S Y S T E M  ---------------

OS: Windows 10.0 , 64 bit Build 19041 (10.0.19041.2546)

CPU:total 4 (initial active 4) (2 cores per cpu, 2 threads per core) family 6 model 142 stepping 9, cmov, cx8, fxsr, mmx, sse, sse2, sse3, ssse3, sse4.1, sse4.2, popcnt, avx, avx2, aes, clmul, erms, 3dnowpref, lzcnt, ht, tsc, tscinvbit, bmi1, bmi2, adx

Memory: 4k page, physical 8294196k(759236k free), swap 17843996k(5392k free)

vm_info: Java HotSpot(TM) 64-Bit Server VM (25.152-b16) for windows-amd64 JRE (1.8.0_152-b16), built on Sep 14 2017 02:29:36 by "java_re" with MS VC++ 10.0 (VS2010)

time: Sat Mar 04 18:11:04 2023
elapsed time: 0 seconds (0d 0h 0m 0s)

