#
# There is insufficient memory for the Java Runtime Environment to continue.
# Native memory allocation (malloc) failed to allocate 1166496 bytes for Chunk::new
# Possible reasons:
#   The system is out of physical RAM or swap space
#   In 32 bit mode, the process size limit was hit
# Possible solutions:
#   Reduce memory load on the system
#   Increase physical memory or swap space
#   Check if swap backing store is full
#   Use 64 bit Java on a 64 bit OS
#   Decrease Java heap size (-Xmx/-Xms)
#   Decrease number of Java threads
#   Decrease Java thread stack sizes (-Xss)
#   Set larger code cache with -XX:ReservedCodeCacheSize=
# This output file may be truncated or incomplete.
#
#  Out of Memory Error (allocation.cpp:390), pid=5348, tid=0x0000000000001a9c
#
# JRE version: Java(TM) SE Runtime Environment (8.0_152-b16) (build 1.8.0_152-b16)
# Java VM: Java HotSpot(TM) 64-Bit Server VM (25.152-b16 mixed mode windows-amd64 compressed oops)
# Failed to write core dump. Minidumps are not enabled by default on client versions of Windows
#

---------------  T H R E A D  ---------------

Current thread (0x000000001956c800):  JavaThread "C2 CompilerThread1" daemon [_thread_in_native, id=6812, stack(0x0000000019c60000,0x0000000019d60000)]

Stack: [0x0000000019c60000,0x0000000019d60000]
[error occurred during error reporting (printing stack bounds), id 0xc0000005]

Native frames: (J=compiled Java code, j=interpreted, Vv=VM code, C=native code)


Current CompileTask:
C2:   9362 4404   !   4       org.apache.catalina.startup.ContextConfig::populateJavaClassCache (159 bytes)


---------------  P R O C E S S  ---------------

Java Threads: ( => current thread )
  0x000000001a3ff000 JavaThread "localhost-startStop-1" daemon [_thread_in_Java, id=19176, stack(0x000000001f5e0000,0x000000001f6e0000)]
  0x000000001ad83800 JavaThread "Tomcat-startStop-1" daemon [_thread_blocked, id=21760, stack(0x000000001f4e0000,0x000000001f5e0000)]
  0x00000000195eb000 JavaThread "Service Thread" daemon [_thread_blocked, id=19656, stack(0x0000000019e60000,0x0000000019f60000)]
  0x0000000019571800 JavaThread "C1 CompilerThread2" daemon [_thread_blocked, id=17592, stack(0x0000000019d60000,0x0000000019e60000)]
=>0x000000001956c800 JavaThread "C2 CompilerThread1" daemon [_thread_in_native, id=6812, stack(0x0000000019c60000,0x0000000019d60000)]
  0x00000000180ff800 JavaThread "C2 CompilerThread0" daemon [_thread_in_native, id=19016, stack(0x0000000019b60000,0x0000000019c60000)]
  0x00000000180e9000 JavaThread "Attach Listener" daemon [_thread_blocked, id=3176, stack(0x0000000019a60000,0x0000000019b60000)]
  0x000000001814e800 JavaThread "Signal Dispatcher" daemon [_thread_blocked, id=7928, stack(0x0000000019960000,0x0000000019a60000)]
  0x000000000358c000 JavaThread "Finalizer" daemon [_thread_blocked, id=3040, stack(0x0000000019360000,0x0000000019460000)]
  0x0000000003581000 JavaThread "Reference Handler" daemon [_thread_blocked, id=20452, stack(0x0000000019260000,0x0000000019360000)]
  0x0000000003492800 JavaThread "main" [_thread_blocked, id=18004, stack(0x00000000032e0000,0x00000000033e0000)]

Other Threads:
  0x00000000180b8000 VMThread [stack: 0x0000000019160000,0x0000000019260000] [id=10012]
  0x00000000195a9800 WatcherThread [stack: 0x0000000019f60000,0x000000001a060000] [id=13408]

VM state:not at safepoint (normal execution)

VM Mutex/Monitor currently owned by a thread: None

Heap:
 PSYoungGen      total 145408K, used 106597K [0x00000000d5d00000, 0x00000000e3880000, 0x0000000100000000)
  eden space 133120K, 70% used [0x00000000d5d00000,0x00000000db91bb98,0x00000000ddf00000)
  from space 12288K, 99% used [0x00000000ddf00000,0x00000000deafdb88,0x00000000deb00000)
  to   space 18432K, 0% used [0x00000000e2680000,0x00000000e2680000,0x00000000e3880000)
 ParOldGen       total 78848K, used 27442K [0x0000000081600000, 0x0000000086300000, 0x00000000d5d00000)
  object space 78848K, 34% used [0x0000000081600000,0x00000000830cca40,0x0000000086300000)
 Metaspace       used 24818K, capacity 25248K, committed 25648K, reserved 1071104K
  class space    used 2860K, capacity 3027K, committed 3120K, reserved 1048576K

Card table byte_map: [0x0000000012950000,0x0000000012d50000] byte_map_base: 0x0000000012545000

Marking Bits: (ParMarkBitMap*) 0x000000006eea0860
 Begin Bits: [0x0000000013400000, 0x00000000153a8000)
 End Bits:   [0x00000000153a8000, 0x0000000017350000)

Polling page: 0x0000000001840000

CodeCache: size=245760Kb used=13430Kb max_used=13473Kb free=232329Kb
 bounds [0x0000000003590000, 0x00000000042d0000, 0x0000000012590000]
 total_blobs=4189 nmethods=3782 adapters=319
 compilation: enabled

Compilation events (10 events):
Event: 8.917 Thread 0x00000000180ff800 nmethod 4398 0x0000000003cf2690 code [0x0000000003cf27e0, 0x0000000003cf2918]
Event: 8.930 Thread 0x00000000180ff800 4399   !   4       org.apache.catalina.startup.ContextConfig::checkHandlesTypes (453 bytes)
Event: 8.942 Thread 0x0000000019571800 4400       3       org.apache.tomcat.util.bcel.classfile.ElementValue::readElementValue (489 bytes)
Event: 8.944 Thread 0x0000000019571800 nmethod 4400 0x00000000042a9910 code [0x00000000042a9d80, 0x00000000042ac898]
Event: 8.956 Thread 0x0000000019571800 4403       3       java.util.HashMap::removeNode (291 bytes)
Event: 8.957 Thread 0x0000000019571800 nmethod 4403 0x00000000042a44d0 code [0x00000000042a4720, 0x00000000042a5958]
Event: 9.106 Thread 0x000000001956c800 nmethod 4384 0x00000000042b7c50 code [0x00000000042b84e0, 0x00000000042c0a40]
Event: 9.106 Thread 0x000000001956c800 4402       4       java.io.File::<init> (47 bytes)
Event: 9.109 Thread 0x000000001956c800 nmethod 4402 0x00000000042948d0 code [0x0000000004294a40, 0x0000000004294cc8]
Event: 9.151 Thread 0x000000001956c800 4404   !   4       org.apache.catalina.startup.ContextConfig::populateJavaClassCache (159 bytes)

GC Heap History (10 events):
Event: 3.869 GC heap before
{Heap before GC invocations=4 (full 0):
 PSYoungGen      total 38400K, used 38376K [0x00000000d5d00000, 0x00000000da800000, 0x0000000100000000)
  eden space 33280K, 100% used [0x00000000d5d00000,0x00000000d7d80000,0x00000000d7d80000)
  from space 5120K, 99% used [0x00000000d7d80000,0x00000000d827a020,0x00000000d8280000)
  to   space 5120K, 0% used [0x00000000da300000,0x00000000da300000,0x00000000da800000)
 ParOldGen       total 87552K, used 10576K [0x0000000081600000, 0x0000000086b80000, 0x00000000d5d00000)
  object space 87552K, 12% used [0x0000000081600000,0x00000000820541e8,0x0000000086b80000)
 Metaspace       used 15683K, capacity 15878K, committed 16128K, reserved 1062912K
  class space    used 1865K, capacity 1973K, committed 2048K, reserved 1048576K
Event: 3.887 GC heap after
Heap after GC invocations=4 (full 0):
 PSYoungGen      total 71680K, used 5096K [0x00000000d5d00000, 0x00000000da800000, 0x0000000100000000)
  eden space 66560K, 0% used [0x00000000d5d00000,0x00000000d5d00000,0x00000000d9e00000)
  from space 5120K, 99% used [0x00000000da300000,0x00000000da7fa040,0x00000000da800000)
  to   space 5120K, 0% used [0x00000000d9e00000,0x00000000d9e00000,0x00000000da300000)
 ParOldGen       total 87552K, used 13982K [0x0000000081600000, 0x0000000086b80000, 0x00000000d5d00000)
  object space 87552K, 15% used [0x0000000081600000,0x00000000823a7b30,0x0000000086b80000)
 Metaspace       used 15683K, capacity 15878K, committed 16128K, reserved 1062912K
  class space    used 1865K, capacity 1973K, committed 2048K, reserved 1048576K
}
Event: 5.133 GC heap before
{Heap before GC invocations=5 (full 0):
 PSYoungGen      total 71680K, used 71656K [0x00000000d5d00000, 0x00000000da800000, 0x0000000100000000)
  eden space 66560K, 100% used [0x00000000d5d00000,0x00000000d9e00000,0x00000000d9e00000)
  from space 5120K, 99% used [0x00000000da300000,0x00000000da7fa040,0x00000000da800000)
  to   space 5120K, 0% used [0x00000000d9e00000,0x00000000d9e00000,0x00000000da300000)
 ParOldGen       total 87552K, used 13982K [0x0000000081600000, 0x0000000086b80000, 0x00000000d5d00000)
  object space 87552K, 15% used [0x0000000081600000,0x00000000823a7b30,0x0000000086b80000)
 Metaspace       used 17196K, capacity 17510K, committed 17792K, reserved 1064960K
  class space    used 1985K, capacity 2089K, committed 2176K, reserved 1048576K
Event: 5.147 GC heap after
Heap after GC invocations=5 (full 0):
 PSYoungGen      total 71680K, used 5088K [0x00000000d5d00000, 0x00000000df700000, 0x0000000100000000)
  eden space 66560K, 0% used [0x00000000d5d00000,0x00000000d5d00000,0x00000000d9e00000)
  from space 5120K, 99% used [0x00000000d9e00000,0x00000000da2f8020,0x00000000da300000)
  to   space 12288K, 0% used [0x00000000deb00000,0x00000000deb00000,0x00000000df700000)
 ParOldGen       total 87552K, used 18625K [0x0000000081600000, 0x0000000086b80000, 0x00000000d5d00000)
  object space 87552K, 21% used [0x0000000081600000,0x00000000828306b8,0x0000000086b80000)
 Metaspace       used 17196K, capacity 17510K, committed 17792K, reserved 1064960K
  class space    used 1985K, capacity 2089K, committed 2176K, reserved 1048576K
}
Event: 6.557 GC heap before
{Heap before GC invocations=6 (full 0):
 PSYoungGen      total 71680K, used 46818K [0x00000000d5d00000, 0x00000000df700000, 0x0000000100000000)
  eden space 66560K, 62% used [0x00000000d5d00000,0x00000000d85c0818,0x00000000d9e00000)
  from space 5120K, 99% used [0x00000000d9e00000,0x00000000da2f8020,0x00000000da300000)
  to   space 12288K, 0% used [0x00000000deb00000,0x00000000deb00000,0x00000000df700000)
 ParOldGen       total 87552K, used 18625K [0x0000000081600000, 0x0000000086b80000, 0x00000000d5d00000)
  object space 87552K, 21% used [0x0000000081600000,0x00000000828306b8,0x0000000086b80000)
 Metaspace       used 20751K, capacity 21174K, committed 21296K, reserved 1069056K
  class space    used 2425K, capacity 2587K, committed 2608K, reserved 1048576K
Event: 6.573 GC heap after
Heap after GC invocations=6 (full 0):
 PSYoungGen      total 145408K, used 9738K [0x00000000d5d00000, 0x00000000df700000, 0x0000000100000000)
  eden space 133120K, 0% used [0x00000000d5d00000,0x00000000d5d00000,0x00000000ddf00000)
  from space 12288K, 79% used [0x00000000deb00000,0x00000000df482ba8,0x00000000df700000)
  to   space 12288K, 0% used [0x00000000ddf00000,0x00000000ddf00000,0x00000000deb00000)
 ParOldGen       total 87552K, used 18633K [0x0000000081600000, 0x0000000086b80000, 0x00000000d5d00000)
  object space 87552K, 21% used [0x0000000081600000,0x00000000828326b8,0x0000000086b80000)
 Metaspace       used 20751K, capacity 21174K, committed 21296K, reserved 1069056K
  class space    used 2425K, capacity 2587K, committed 2608K, reserved 1048576K
}
Event: 6.574 GC heap before
{Heap before GC invocations=7 (full 1):
 PSYoungGen      total 145408K, used 9738K [0x00000000d5d00000, 0x00000000df700000, 0x0000000100000000)
  eden space 133120K, 0% used [0x00000000d5d00000,0x00000000d5d00000,0x00000000ddf00000)
  from space 12288K, 79% used [0x00000000deb00000,0x00000000df482ba8,0x00000000df700000)
  to   space 12288K, 0% used [0x00000000ddf00000,0x00000000ddf00000,0x00000000deb00000)
 ParOldGen       total 87552K, used 18633K [0x0000000081600000, 0x0000000086b80000, 0x00000000d5d00000)
  object space 87552K, 21% used [0x0000000081600000,0x00000000828326b8,0x0000000086b80000)
 Metaspace       used 20751K, capacity 21174K, committed 21296K, reserved 1069056K
  class space    used 2425K, capacity 2587K, committed 2608K, reserved 1048576K
Event: 6.688 GC heap after
Heap after GC invocations=7 (full 1):
 PSYoungGen      total 145408K, used 0K [0x00000000d5d00000, 0x00000000df700000, 0x0000000100000000)
  eden space 133120K, 0% used [0x00000000d5d00000,0x00000000d5d00000,0x00000000ddf00000)
  from space 12288K, 0% used [0x00000000deb00000,0x00000000deb00000,0x00000000df700000)
  to   space 12288K, 0% used [0x00000000ddf00000,0x00000000ddf00000,0x00000000deb00000)
 ParOldGen       total 78848K, used 18101K [0x0000000081600000, 0x0000000086300000, 0x00000000d5d00000)
  object space 78848K, 22% used [0x0000000081600000,0x00000000827ad468,0x0000000086300000)
 Metaspace       used 20751K, capacity 21174K, committed 21296K, reserved 1069056K
  class space    used 2425K, capacity 2587K, committed 2608K, reserved 1048576K
}
Event: 8.547 GC heap before
{Heap before GC invocations=8 (full 1):
 PSYoungGen      total 145408K, used 133120K [0x00000000d5d00000, 0x00000000df700000, 0x0000000100000000)
  eden space 133120K, 100% used [0x00000000d5d00000,0x00000000ddf00000,0x00000000ddf00000)
  from space 12288K, 0% used [0x00000000deb00000,0x00000000deb00000,0x00000000df700000)
  to   space 12288K, 0% used [0x00000000ddf00000,0x00000000ddf00000,0x00000000deb00000)
 ParOldGen       total 78848K, used 18101K [0x0000000081600000, 0x0000000086300000, 0x00000000d5d00000)
  object space 78848K, 22% used [0x0000000081600000,0x00000000827ad468,0x0000000086300000)
 Metaspace       used 24814K, capacity 25248K, committed 25648K, reserved 1071104K
  class space    used 2860K, capacity 3027K, committed 3120K, reserved 1048576K
Event: 8.575 GC heap after
Heap after GC invocations=8 (full 1):
 PSYoungGen      total 145408K, used 12278K [0x00000000d5d00000, 0x00000000e3880000, 0x0000000100000000)
  eden space 133120K, 0% used [0x00000000d5d00000,0x00000000d5d00000,0x00000000ddf00000)
  from space 12288K, 99% used [0x00000000ddf00000,0x00000000deafdb88,0x00000000deb00000)
  to   space 18432K, 0% used [0x00000000e2680000,0x00000000e2680000,0x00000000e3880000)
 ParOldGen       total 78848K, used 27442K [0x0000000081600000, 0x0000000086300000, 0x00000000d5d00000)
  object space 78848K, 34% used [0x0000000081600000,0x00000000830cca40,0x0000000086300000)
 Metaspace       used 24814K, capacity 25248K, committed 25648K, reserved 1071104K
  class space    used 2860K, capacity 3027K, committed 3120K, reserved 1048576K
}

Deoptimization events (10 events):
Event: 8.077 Thread 0x000000001a3ff000 Uncommon trap: reason=unstable_if action=reinterpret pc=0x00000000038af5fc method=java.lang.CharacterDataLatin1.isWhitespace(I)Z @ 14
Event: 8.077 Thread 0x000000001a3ff000 Uncommon trap: reason=unstable_if action=reinterpret pc=0x0000000003921ebc method=java.lang.CharacterDataLatin1.isWhitespace(I)Z @ 14
Event: 8.143 Thread 0x000000001a3ff000 Uncommon trap: reason=unstable_if action=reinterpret pc=0x000000000401b234 method=java.util.LinkedHashMap.afterNodeAccess(Ljava/util/HashMap$Node;)V @ 41
Event: 8.200 Thread 0x000000001a3ff000 Uncommon trap: reason=unstable_if action=reinterpret pc=0x00000000037778dc method=org.apache.tomcat.util.bcel.classfile.ConstantUtf8$1.removeEldestEntry(Ljava/util/Map$Entry;)Z @ 7
Event: 8.200 Thread 0x000000001a3ff000 Uncommon trap: reason=unstable_if action=reinterpret pc=0x0000000003cad79c method=java.util.LinkedHashMap.afterNodeInsertion(Z)V @ 18
Event: 8.346 Thread 0x000000001a3ff000 Uncommon trap: reason=unstable_if action=reinterpret pc=0x000000000426938c method=java.util.HashMap.removeNode(ILjava/lang/Object;Ljava/lang/Object;ZZ)Ljava/util/HashMap$Node; @ 71
Event: 8.369 Thread 0x000000001a3ff000 Uncommon trap: reason=bimorphic action=maybe_recompile pc=0x0000000003c3e798 method=java.lang.StringCoding$StringDecoder.charsetName()Ljava/lang/String; @ 17
Event: 8.407 Thread 0x000000001a3ff000 Uncommon trap: reason=unstable_if action=reinterpret pc=0x0000000004248568 method=java.util.LinkedHashMap.afterNodeAccess(Ljava/util/HashMap$Node;)V @ 14
Event: 8.586 Thread 0x000000001a3ff000 Uncommon trap: reason=unstable_if action=reinterpret pc=0x000000000428a75c method=java.util.LinkedHashMap.afterNodeAccess(Ljava/util/HashMap$Node;)V @ 14
Event: 8.661 Thread 0x000000001a3ff000 Uncommon trap: reason=unstable_if action=reinterpret pc=0x00000000042640b4 method=java.util.HashMap.removeNode(ILjava/lang/Object;Ljava/lang/Object;ZZ)Ljava/util/HashMap$Node; @ 71

Classes redefined (0 events):
No events

Internal exceptions (10 events):
Event: 7.060 Thread 0x000000001a3ff000 Implicit null exception at 0x0000000003f4e9d0 to 0x0000000003f50e71
Event: 7.185 Thread 0x000000001a3ff000 Exception <a 'java/security/PrivilegedActionException'> (0x00000000d707b5d8) thrown at [C:\re\workspace\8-2-build-windows-amd64-cygwin\jdk8u152\9742\hotspot\src\share\vm\prims\jvm.cpp, line 1390]
Event: 7.185 Thread 0x000000001a3ff000 Exception <a 'java/security/PrivilegedActionException'> (0x00000000d707b9d0) thrown at [C:\re\workspace\8-2-build-windows-amd64-cygwin\jdk8u152\9742\hotspot\src\share\vm\prims\jvm.cpp, line 1390]
Event: 7.185 Thread 0x000000001a3ff000 Exception <a 'java/security/PrivilegedActionException'> (0x00000000d707cdb8) thrown at [C:\re\workspace\8-2-build-windows-amd64-cygwin\jdk8u152\9742\hotspot\src\share\vm\prims\jvm.cpp, line 1390]
Event: 7.185 Thread 0x000000001a3ff000 Exception <a 'java/security/PrivilegedActionException'> (0x00000000d707d1b0) thrown at [C:\re\workspace\8-2-build-windows-amd64-cygwin\jdk8u152\9742\hotspot\src\share\vm\prims\jvm.cpp, line 1390]
Event: 7.185 Thread 0x000000001a3ff000 Exception <a 'java/security/PrivilegedActionException'> (0x00000000d707e5d8) thrown at [C:\re\workspace\8-2-build-windows-amd64-cygwin\jdk8u152\9742\hotspot\src\share\vm\prims\jvm.cpp, line 1390]
Event: 7.185 Thread 0x000000001a3ff000 Exception <a 'java/security/PrivilegedActionException'> (0x00000000d707e9d0) thrown at [C:\re\workspace\8-2-build-windows-amd64-cygwin\jdk8u152\9742\hotspot\src\share\vm\prims\jvm.cpp, line 1390]
Event: 7.188 Thread 0x000000001a3ff000 Exception <a 'java/security/PrivilegedActionException'> (0x00000000d7086998) thrown at [C:\re\workspace\8-2-build-windows-amd64-cygwin\jdk8u152\9742\hotspot\src\share\vm\prims\jvm.cpp, line 1390]
Event: 7.188 Thread 0x000000001a3ff000 Exception <a 'java/security/PrivilegedActionException'> (0x00000000d7086d90) thrown at [C:\re\workspace\8-2-build-windows-amd64-cygwin\jdk8u152\9742\hotspot\src\share\vm\prims\jvm.cpp, line 1390]
Event: 8.143 Thread 0x000000001a3ff000 Implicit null exception at 0x000000000401afb6 to 0x000000000401b20d

Events (10 events):
Event: 8.595 Thread 0x00000000180ff800 flushing nmethod 0x0000000003afd650
Event: 8.661 Thread 0x000000001a3ff000 Uncommon trap: trap_request=0xffffff65 fr.pc=0x00000000042640b4
Event: 8.661 Thread 0x000000001a3ff000 DEOPT PACKING pc=0x00000000042640b4 sp=0x000000001f6de050
Event: 8.661 Thread 0x000000001a3ff000 DEOPT UNPACKING pc=0x00000000035d582a sp=0x000000001f6ddfb8 mode 2
Event: 8.674 Thread 0x00000000180ff800 flushing nmethod 0x0000000003cf2090
Event: 8.826 Thread 0x00000000180ff800 flushing nmethod 0x0000000004162cd0
Event: 8.873 Executing VM operation: RevokeBias
Event: 8.873 Executing VM operation: RevokeBias done
Event: 8.874 Executing VM operation: RevokeBias
Event: 8.874 Executing VM operation: RevokeBias done


Dynamic libraries:
0x00007ff64a040000 - 0x00007ff64a077000 	C:\Java\jdk1.8\bin\javaw.exe
0x00007ff973030000 - 0x00007ff973228000 	C:\WINDOWS\SYSTEM32\ntdll.dll
0x00007ff9725b0000 - 0x00007ff97266f000 	C:\WINDOWS\System32\KERNEL32.DLL
0x00007ff970740000 - 0x00007ff970a1a000 	C:\WINDOWS\System32\KERNELBASE.dll
0x00007ff972430000 - 0x00007ff9724de000 	C:\WINDOWS\System32\ADVAPI32.dll
0x00007ff972510000 - 0x00007ff9725ae000 	C:\WINDOWS\System32\msvcrt.dll
0x00007ff971310000 - 0x00007ff9713ac000 	C:\WINDOWS\System32\sechost.dll
0x00007ff972830000 - 0x00007ff972956000 	C:\WINDOWS\System32\RPCRT4.dll
0x00007ff972160000 - 0x00007ff9722fd000 	C:\WINDOWS\System32\USER32.dll
0x00007ff970d70000 - 0x00007ff970d92000 	C:\WINDOWS\System32\win32u.dll
0x00007ff9713b0000 - 0x00007ff9713db000 	C:\WINDOWS\System32\GDI32.dll
0x00007ff970c60000 - 0x00007ff970d70000 	C:\WINDOWS\System32\gdi32full.dll
0x00007ff970f10000 - 0x00007ff970fad000 	C:\WINDOWS\System32\msvcp_win.dll
0x00007ff970da0000 - 0x00007ff970ea0000 	C:\WINDOWS\System32\ucrtbase.dll
0x00007ff95f020000 - 0x00007ff95f2ba000 	C:\WINDOWS\WinSxS\amd64_microsoft.windows.common-controls_6595b64144ccf1df_6.0.19041.1110_none_60b5254171f9507e\COMCTL32.dll
0x00007ff9724e0000 - 0x00007ff972510000 	C:\WINDOWS\System32\IMM32.DLL
0x000000006ef20000 - 0x000000006eff2000 	C:\Java\jdk1.8\jre\bin\msvcr100.dll
0x000000006e680000 - 0x000000006ef20000 	C:\Java\jdk1.8\jre\bin\server\jvm.dll
0x00007ff971a00000 - 0x00007ff971a08000 	C:\WINDOWS\System32\PSAPI.DLL
0x00007ff9626a0000 - 0x00007ff9626a9000 	C:\WINDOWS\SYSTEM32\WSOCK32.dll
0x00007ff968180000 - 0x00007ff96818a000 	C:\WINDOWS\SYSTEM32\VERSION.dll
0x00007ff972f00000 - 0x00007ff972f6b000 	C:\WINDOWS\System32\WS2_32.dll
0x00007ff962990000 - 0x00007ff9629b7000 	C:\WINDOWS\SYSTEM32\WINMM.dll
0x000000006e670000 - 0x000000006e67f000 	C:\Java\jdk1.8\jre\bin\verify.dll
0x000000006e640000 - 0x000000006e669000 	C:\Java\jdk1.8\jre\bin\java.dll
0x000000006e620000 - 0x000000006e636000 	C:\Java\jdk1.8\jre\bin\zip.dll
0x00007ff971a10000 - 0x00007ff972154000 	C:\WINDOWS\System32\SHELL32.dll
0x00007ff96e7e0000 - 0x00007ff96ef73000 	C:\WINDOWS\SYSTEM32\windows.storage.dll
0x00007ff972960000 - 0x00007ff972cb4000 	C:\WINDOWS\System32\combase.dll
0x00007ff970130000 - 0x00007ff97015e000 	C:\WINDOWS\SYSTEM32\Wldp.dll
0x00007ff972d80000 - 0x00007ff972e2d000 	C:\WINDOWS\System32\SHCORE.dll
0x00007ff972cc0000 - 0x00007ff972d15000 	C:\WINDOWS\System32\shlwapi.dll
0x00007ff970680000 - 0x00007ff97069f000 	C:\WINDOWS\SYSTEM32\profapi.dll
0x0000000069ac0000 - 0x0000000069ae4000 	C:\Users\Administrator\AppData\Local\Temp\jansi-2.4.0-58ad59768d71ee8f-jansi.dll
0x00007ff970010000 - 0x00007ff970028000 	C:\WINDOWS\SYSTEM32\CRYPTSP.dll
0x00007ff96f740000 - 0x00007ff96f774000 	C:\WINDOWS\system32\rsaenh.dll
0x00007ff971060000 - 0x00007ff971087000 	C:\WINDOWS\System32\bcrypt.dll
0x00007ff970640000 - 0x00007ff97066e000 	C:\WINDOWS\SYSTEM32\USERENV.dll
0x00007ff970bd0000 - 0x00007ff970c52000 	C:\WINDOWS\System32\bcryptprimitives.dll
0x00007ff970030000 - 0x00007ff97003c000 	C:\WINDOWS\SYSTEM32\CRYPTBASE.dll
0x000000006e5f0000 - 0x000000006e60a000 	C:\Java\jdk1.8\jre\bin\net.dll
0x00007ff96fe20000 - 0x00007ff96fe8a000 	C:\WINDOWS\system32\mswsock.dll
0x00007ff96fb10000 - 0x00007ff96fb4c000 	C:\WINDOWS\SYSTEM32\IPHLPAPI.DLL
0x00007ff972e30000 - 0x00007ff972e38000 	C:\WINDOWS\System32\NSI.dll
0x00007ff967300000 - 0x00007ff967317000 	C:\WINDOWS\SYSTEM32\dhcpcsvc6.DLL
0x00007ff967410000 - 0x00007ff96742d000 	C:\WINDOWS\SYSTEM32\dhcpcsvc.DLL
0x00007ff96fb50000 - 0x00007ff96fc1b000 	C:\WINDOWS\SYSTEM32\DNSAPI.dll
0x000000006e5d0000 - 0x000000006e5e1000 	C:\Java\jdk1.8\jre\bin\nio.dll
0x000000006e610000 - 0x000000006e61d000 	C:\Java\jdk1.8\jre\bin\management.dll

VM Arguments:
jvm_args: -Dmaven.home=D:\apache-maven-3.8.6 -Dclassworlds.conf=C:\Users\Administrator\eclipse-workspace\.metadata\.plugins\org.eclipse.m2e.launching\launches\m2conf8734154421794992046.tmp -Dmaven.multiModuleProjectDirectory=C:\Users\Administrator\eclipse-workspace\pinyougou-parent\pinyougou-cart-web -Dfile.encoding=UTF-8 
java_command: org.codehaus.plexus.classworlds.launcher.Launcher -B -s D:\apache-maven-3.8.6\conf\settings.xml tomcat7:run
java_class_path (initial): D:\apache-maven-3.8.6\boot\plexus-classworlds-2.6.0.jar
Launcher Type: SUN_STANDARD

Environment Variables:
CLASSPATH=.;%JAVA_HOME%\lib;%JAVA_HOME%\lib\dt.jar;%JAVA_HOME%\lib\tools.jar;
PATH=C:/Program Files/Java/jre1.8.0_152/bin/server;C:/Program Files/Java/jre1.8.0_152/bin;C:/Program Files/Java/jre1.8.0_152/lib/amd64;C:\Program Files\Common Files\Oracle\Java\javapath;C:\Java\jdk1.8\bin;C:\Java\jdk1.8\jre\bin;D:\apache-maven-3.8.6\bin;C:\Program Files (x86)\Java\jdk1.8.0_191\bin;D:\VMware 15.5\bin\;C:\WINDOWS\system32;C:\WINDOWS;C:\WINDOWS\System32\Wbem;C:\WINDOWS\System32\WindowsPowerShell\v1.0\;C:\WINDOWS\System32\OpenSSH\;C:\Program Files (x86)\NVIDIA Corporation\PhysX\Common;C:\Program Files (x86)\MySQL\mysql-5.6.51-winx64\bin;C:\WINDOWS\system32;C:\WINDOWS;C:\WINDOWS\System32\Wbem;C:\WINDOWS\System32\WindowsPowerShell\v1.0\;C:\WINDOWS\System32\OpenSSH\;C:\Program Files\Git\cmd;C:\Program Files\dotnet\;D:\nodejs\;C:\ProgramData\chocolatey\bin;C:\Java\bin;D:\apache-artemis-2.27.0\bin;C:\Program Files (x86)\MySQL\mysql-5.6.51-winx64\bin;C:\Users\Administrator\AppData\Local\Programs\Python\Python39\Scripts\;C:\Users\Administrator\AppData\Local\Programs\Python\Python39\;D:\Python39\;D:\Scripts\;D:\;"C:\Users\Administrator\AppData\Local\Microsoft\WindowsApps;D:\php;D:\php\ext";C:\Users\Administrator\AppData\Local\Microsoft\WindowsApps;D:\IntelliJ IDEA Community Edition 2021.3.2\bin;;C:\Users\Administrator\AppData\Roaming\npm;C:\WINDOWS\system32;
USERNAME=Administrator
OS=Windows_NT
PROCESSOR_IDENTIFIER=Intel64 Family 6 Model 142 Stepping 9, GenuineIntel



---------------  S Y S T E M  ---------------

OS: Windows 10.0 , 64 bit Build 19041 (10.0.19041.2788)

CPU:total 4 (initial active 4) (2 cores per cpu, 2 threads per core) family 6 model 142 stepping 9, cmov, cx8, fxsr, mmx, sse, sse2, sse3, ssse3, sse4.1, sse4.2, popcnt, avx, avx2, aes, clmul, erms, 3dnowpref, lzcnt, ht, tsc, tscinvbit, bmi1, bmi2, adx

Memory: 4k page, physical 8294196k(250008k free), swap 18672428k(4376k free)

vm_info: Java HotSpot(TM) 64-Bit Server VM (25.152-b16) for windows-amd64 JRE (1.8.0_152-b16), built on Sep 14 2017 02:29:36 by "java_re" with MS VC++ 10.0 (VS2010)

time: Mon Apr 24 20:07:25 2023
elapsed time: 9 seconds (0d 0h 0m 9s)

